Using pre-set license
Built from '2021.3/staging' branch; Version is '2021.3.14f1 (eee1884e7226) revision 15655304'; Using compiler version '192829333'; Build Type 'Release'
OS: 'Windows 10  (10.0.19044) 64bit Professional' Language: 'de' Physical Memory: 65445 MB
BatchMode: 1, IsHumanControllingUs: 0, StartBugReporterOnCrash: 0, Is64bit: 1, IsPro: 1

COMMAND LINE ARGUMENTS:
C:\Program Files\Unity\Hub\Editor\2021.3.14f1\Editor\Unity.exe
-adb2
-batchMode
-noUpm
-name
AssetImportWorker2
-projectPath
C:/Users/Joel/Downloads/IPT_4.1-Unity/IPT-4.1Basis5
-logFile
Logs/AssetImportWorker2.log
-srvPort
64215
Successfully changed project path to: C:/Users/Joel/Downloads/IPT_4.1-Unity/IPT-4.1Basis5
C:/Users/Joel/Downloads/IPT_4.1-Unity/IPT-4.1Basis5
[UnityMemory] Configuration Parameters - Can be set up in boot.config
    "memorysetup-bucket-allocator-granularity=16"
    "memorysetup-bucket-allocator-bucket-count=8"
    "memorysetup-bucket-allocator-block-size=33554432"
    "memorysetup-bucket-allocator-block-count=8"
    "memorysetup-main-allocator-block-size=16777216"
    "memorysetup-thread-allocator-block-size=16777216"
    "memorysetup-gfx-main-allocator-block-size=16777216"
    "memorysetup-gfx-thread-allocator-block-size=16777216"
    "memorysetup-cache-allocator-block-size=4194304"
    "memorysetup-typetree-allocator-block-size=2097152"
    "memorysetup-profiler-bucket-allocator-granularity=16"
    "memorysetup-profiler-bucket-allocator-bucket-count=8"
    "memorysetup-profiler-bucket-allocator-block-size=33554432"
    "memorysetup-profiler-bucket-allocator-block-count=8"
    "memorysetup-profiler-allocator-block-size=16777216"
    "memorysetup-profiler-editor-allocator-block-size=1048576"
    "memorysetup-temp-allocator-size-main=16777216"
    "memorysetup-job-temp-allocator-block-size=2097152"
    "memorysetup-job-temp-allocator-block-size-background=1048576"
    "memorysetup-job-temp-allocator-reduction-small-platforms=262144"
    "memorysetup-temp-allocator-size-background-worker=32768"
    "memorysetup-temp-allocator-size-job-worker=262144"
    "memorysetup-temp-allocator-size-preload-manager=33554432"
    "memorysetup-temp-allocator-size-nav-mesh-worker=65536"
    "memorysetup-temp-allocator-size-audio-worker=65536"
    "memorysetup-temp-allocator-size-cloud-worker=32768"
    "memorysetup-temp-allocator-size-gi-baking-worker=262144"
    "memorysetup-temp-allocator-size-gfx=262144"
Refreshing native plugins compatible for Editor in 171.20 ms, found 3 plugins.
Preloading 0 native plugins for Editor in 0.00 ms.
Initialize engine version: 2021.3.14f1 (eee1884e7226)
[Subsystems] Discovering subsystems at path C:/Program Files/Unity/Hub/Editor/2021.3.14f1/Editor/Data/Resources/UnitySubsystems
[Subsystems] Discovering subsystems at path C:/Users/Joel/Downloads/IPT_4.1-Unity/IPT-4.1Basis5/Assets
GfxDevice: creating device client; threaded=0; jobified=0
Direct3D:
    Version:  Direct3D 11.0 [level 11.1]
    Renderer: NVIDIA GeForce RTX 2070 SUPER (ID=0x1e84)
    Vendor:   NVIDIA
    VRAM:     8003 MB
    Driver:   31.0.15.2698
Initialize mono
Mono path[0] = 'C:/Program Files/Unity/Hub/Editor/2021.3.14f1/Editor/Data/Managed'
Mono path[1] = 'C:/Program Files/Unity/Hub/Editor/2021.3.14f1/Editor/Data/MonoBleedingEdge/lib/mono/unityjit-win32'
Mono config path = 'C:/Program Files/Unity/Hub/Editor/2021.3.14f1/Editor/Data/MonoBleedingEdge/etc'
Using monoOptions --debugger-agent=transport=dt_socket,embedding=1,server=y,suspend=n,address=127.0.0.1:56500
Begin MonoManager ReloadAssembly
Registering precompiled unity dll's ...
Register platform support module: C:/Program Files/Unity/Hub/Editor/2021.3.14f1/Editor/Data/PlaybackEngines/WindowsStandaloneSupport/UnityEditor.WindowsStandalone.Extensions.dll
Registered in 0.014057 seconds.
Native extension for WindowsStandalone target not found
Refreshing native plugins compatible for Editor in 157.16 ms, found 3 plugins.
Preloading 0 native plugins for Editor in 0.00 ms.
Mono: successfully reloaded assembly
- Completed reload, in  0.969 seconds
Domain Reload Profiling:
	ReloadAssembly (970ms)
		BeginReloadAssembly (91ms)
			ExecutionOrderSort (0ms)
			DisableScriptedObjects (0ms)
			BackupInstance (0ms)
			ReleaseScriptingObjects (0ms)
			CreateAndSetChildDomain (1ms)
		EndReloadAssembly (677ms)
			LoadAssemblies (88ms)
			RebuildTransferFunctionScriptingTraits (0ms)
			SetupTypeCache (139ms)
			ReleaseScriptCaches (0ms)
			RebuildScriptCaches (37ms)
			SetupLoadedEditorAssemblies (414ms)
				LogAssemblyErrors (0ms)
				InitializePlatformSupportModulesInManaged (10ms)
				SetLoadedEditorAssemblies (0ms)
				RefreshPlugins (157ms)
				BeforeProcessingInitializeOnLoad (1ms)
				ProcessInitializeOnLoadAttributes (181ms)
				ProcessInitializeOnLoadMethodAttributes (64ms)
				AfterProcessingInitializeOnLoad (0ms)
				EditorAssembliesLoaded (0ms)
			ExecutionOrderSort2 (0ms)
			AwakeInstancesAfterBackupRestoration (0ms)
Platform modules already initialized, skipping
Registering precompiled user dll's ...
Registered in 0.010749 seconds.
Begin MonoManager ReloadAssembly
Symbol file LoadedFromMemory doesn't match image C:\Users\Joel\Downloads\IPT_4.1-Unity\IPT-4.1Basis5\Library\PackageCache\com.unity.visualscripting@1.7.8\Editor\VisualScripting.Core\Dependencies\DotNetZip\Unity.VisualScripting.IonicZip.dll
Symbol file LoadedFromMemory doesn't match image C:\Users\Joel\Downloads\IPT_4.1-Unity\IPT-4.1Basis5\Library\PackageCache\com.unity.visualscripting@1.7.8\Editor\VisualScripting.Core\Dependencies\YamlDotNet\Unity.VisualScripting.YamlDotNet.dll
Native extension for WindowsStandalone target not found
Refreshing native plugins compatible for Editor in 148.42 ms, found 3 plugins.
Preloading 0 native plugins for Editor in 0.00 ms.
Package Manager log level set to [2]
Mono: successfully reloaded assembly
- Completed reload, in  1.782 seconds
Domain Reload Profiling:
	ReloadAssembly (1783ms)
		BeginReloadAssembly (139ms)
			ExecutionOrderSort (0ms)
			DisableScriptedObjects (9ms)
			BackupInstance (0ms)
			ReleaseScriptingObjects (0ms)
			CreateAndSetChildDomain (21ms)
		EndReloadAssembly (1486ms)
			LoadAssemblies (118ms)
			RebuildTransferFunctionScriptingTraits (0ms)
			SetupTypeCache (348ms)
			ReleaseScriptCaches (1ms)
			RebuildScriptCaches (73ms)
			SetupLoadedEditorAssemblies (894ms)
				LogAssemblyErrors (0ms)
				InitializePlatformSupportModulesInManaged (6ms)
				SetLoadedEditorAssemblies (0ms)
				RefreshPlugins (149ms)
				BeforeProcessingInitializeOnLoad (138ms)
				ProcessInitializeOnLoadAttributes (434ms)
				ProcessInitializeOnLoadMethodAttributes (156ms)
				AfterProcessingInitializeOnLoad (11ms)
				EditorAssembliesLoaded (0ms)
			ExecutionOrderSort2 (0ms)
			AwakeInstancesAfterBackupRestoration (9ms)
Platform modules already initialized, skipping
========================================================================
Worker process is ready to serve import requests
Launched and connected shader compiler UnityShaderCompiler.exe after 0.06 seconds
Refreshing native plugins compatible for Editor in 1.42 ms, found 3 plugins.
Preloading 0 native plugins for Editor in 0.00 ms.
Unloading 4648 Unused Serialized files (Serialized files now loaded: 0)
Unloading 84 unused Assets / (186.8 KB). Loaded Objects now: 5096.
Memory consumption went from 169.7 MB to 169.5 MB.
Total: 9.376200 ms (FindLiveObjects: 0.560000 ms CreateObjectMapping: 0.265200 ms MarkObjects: 8.320100 ms  DeleteObjects: 0.229100 ms)

AssetImportParameters requested are different than current active one (requested -> active):
  custom:video-decoder-ogg-theora: a1e56fd34408186e4bbccfd4996cb3dc -> 
  custom:container-muxer-webm: aa71ff27fc2769a1b78a27578f13a17b -> 
  custom:container-demuxer-webm: 4f35f7cbe854078d1ac9338744f61a02 -> 
  custom:video-encoder-webm-vp8: eb34c28f22e8b96e1ab97ce403110664 -> 
  custom:video-codec-MediaFoundation-h265: e54d7ab0439102e2317fc1e4b246158d -> 
  custom:audio-encoder-webm-vorbis: bf7c407c2cedff20999df2af8eb42d56 -> 
  custom:framework-win-MediaFoundation: 216162199b28c13a410421893ffa2e32 -> 
  custom:container-demuxer-ogg: 62fdf1f143b41e24485cea50d1cbac27 -> 
  custom:video-decoder-webm-vp8: 9c59270c3fd7afecdb556c50c9e8de78 -> 
  custom:audio-decoder-ogg-vorbis: bf7c407c2cedff20999df2af8eb42d56 -> 
========================================================================
Received Import Request.
  Time since last request: 1169047.412672 seconds.
  path: Assets/Door.prefab
  artifactKey: Guid(73afdd75cebfa11439e3875d43950e9e) Importer(815301076,1909f56bfc062723c751e8b465ee728b)
Start importing Assets/Door.prefab using Guid(73afdd75cebfa11439e3875d43950e9e) Importer(815301076,1909f56bfc062723c751e8b465ee728b)  -> (artifact id: '61ad9bdafe7494b9eedd2827acb9cc5e') in 0.204622 seconds 
========================================================================
Received Import Request.
  Time since last request: 1.886039 seconds.
  path: Assets/script
  artifactKey: Guid(252efcd0004fd124f9b11913d919f6db) Importer(815301076,1909f56bfc062723c751e8b465ee728b)
Start importing Assets/script using Guid(252efcd0004fd124f9b11913d919f6db) Importer(815301076,1909f56bfc062723c751e8b465ee728b)  -> (artifact id: 'bf903f1ddb50cde5e19469329fd6d273') in 0.005495 seconds 
========================================================================
Received Import Request.
  Time since last request: 0.036971 seconds.
  path: Assets/script/InputAction_Input.inputactions
  artifactKey: Guid(d60144dc4df30fe4bbee9ff9eca7329b) Importer(815301076,1909f56bfc062723c751e8b465ee728b)
Start importing Assets/script/InputAction_Input.inputactions using Guid(d60144dc4df30fe4bbee9ff9eca7329b) Importer(815301076,1909f56bfc062723c751e8b465ee728b)  -> (artifact id: '3ea5007f537deb9430abc4d3e7df9341') in 0.011828 seconds 
========================================================================
Received Import Request.
  Time since last request: 1.705355 seconds.
  path: Assets/script/Boss
  artifactKey: Guid(08566a4a23aca9545b825b6b24aa4e70) Importer(815301076,1909f56bfc062723c751e8b465ee728b)
Start importing Assets/script/Boss using Guid(08566a4a23aca9545b825b6b24aa4e70) Importer(815301076,1909f56bfc062723c751e8b465ee728b)  -> (artifact id: '28a3d8201cbfa2b7ebe136a457785f48') in 0.006245 seconds 
========================================================================
Received Import Request.
  Time since last request: 0.666450 seconds.
  path: Assets/script/Boss/Boss.cs
  artifactKey: Guid(0848238355d9bb14b9fdce1f7a80032a) Importer(815301076,1909f56bfc062723c751e8b465ee728b)
Start importing Assets/script/Boss/Boss.cs using Guid(0848238355d9bb14b9fdce1f7a80032a) Importer(815301076,1909f56bfc062723c751e8b465ee728b)  -> (artifact id: 'e431868cbfd7aa5c63a4dc7c0524a668') in 0.006202 seconds 
========================================================================
Received Prepare
Registering precompiled user dll's ...
Registered in 0.012019 seconds.
Begin MonoManager ReloadAssembly
Symbol file LoadedFromMemory doesn't match image C:\Users\Joel\Downloads\IPT_4.1-Unity\IPT-4.1Basis5\Library\PackageCache\com.unity.visualscripting@1.7.8\Editor\VisualScripting.Core\Dependencies\DotNetZip\Unity.VisualScripting.IonicZip.dll
Symbol file LoadedFromMemory doesn't match image C:\Users\Joel\Downloads\IPT_4.1-Unity\IPT-4.1Basis5\Library\PackageCache\com.unity.visualscripting@1.7.8\Editor\VisualScripting.Core\Dependencies\YamlDotNet\Unity.VisualScripting.YamlDotNet.dll
Native extension for WindowsStandalone target not found
Refreshing native plugins compatible for Editor in 1.29 ms, found 3 plugins.
Preloading 0 native plugins for Editor in 0.00 ms.
Mono: successfully reloaded assembly
- Completed reload, in  1.505 seconds
Domain Reload Profiling:
	ReloadAssembly (1505ms)
		BeginReloadAssembly (191ms)
			ExecutionOrderSort (0ms)
			DisableScriptedObjects (8ms)
			BackupInstance (0ms)
			ReleaseScriptingObjects (0ms)
			CreateAndSetChildDomain (54ms)
		EndReloadAssembly (1183ms)
			LoadAssemblies (119ms)
			RebuildTransferFunctionScriptingTraits (0ms)
			SetupTypeCache (336ms)
			ReleaseScriptCaches (2ms)
			RebuildScriptCaches (56ms)
			SetupLoadedEditorAssemblies (611ms)
				LogAssemblyErrors (0ms)
				InitializePlatformSupportModulesInManaged (16ms)
				SetLoadedEditorAssemblies (1ms)
				RefreshPlugins (1ms)
				BeforeProcessingInitializeOnLoad (95ms)
				ProcessInitializeOnLoadAttributes (354ms)
				ProcessInitializeOnLoadMethodAttributes (133ms)
				AfterProcessingInitializeOnLoad (11ms)
				EditorAssembliesLoaded (0ms)
			ExecutionOrderSort2 (0ms)
			AwakeInstancesAfterBackupRestoration (11ms)
Platform modules already initialized, skipping
Refreshing native plugins compatible for Editor in 9.31 ms, found 3 plugins.
Preloading 0 native plugins for Editor in 0.00 ms.
Unloading 4624 Unused Serialized files (Serialized files now loaded: 0)
Unloading 59 unused Assets / (154.1 KB). Loaded Objects now: 5119.
Memory consumption went from 172.0 MB to 171.8 MB.
Total: 10.861100 ms (FindLiveObjects: 0.426700 ms CreateObjectMapping: 0.210200 ms MarkObjects: 10.035000 ms  DeleteObjects: 0.188000 ms)

AssetImportParameters requested are different than current active one (requested -> active):
  custom:video-decoder-ogg-theora: a1e56fd34408186e4bbccfd4996cb3dc -> 
  custom:container-muxer-webm: aa71ff27fc2769a1b78a27578f13a17b -> 
  custom:container-demuxer-webm: 4f35f7cbe854078d1ac9338744f61a02 -> 
  custom:video-encoder-webm-vp8: eb34c28f22e8b96e1ab97ce403110664 -> 
  custom:video-codec-MediaFoundation-h265: e54d7ab0439102e2317fc1e4b246158d -> 
  custom:audio-encoder-webm-vorbis: bf7c407c2cedff20999df2af8eb42d56 -> 
  custom:framework-win-MediaFoundation: 216162199b28c13a410421893ffa2e32 -> 
  custom:container-demuxer-ogg: 62fdf1f143b41e24485cea50d1cbac27 -> 
  custom:video-decoder-webm-vp8: 9c59270c3fd7afecdb556c50c9e8de78 -> 
  custom:audio-decoder-ogg-vorbis: bf7c407c2cedff20999df2af8eb42d56 -> 
========================================================================
Received Import Request.
  Time since last request: 258.450210 seconds.
  path: Assets/script/Boss/Boss.cs
  artifactKey: Guid(0848238355d9bb14b9fdce1f7a80032a) Importer(815301076,1909f56bfc062723c751e8b465ee728b)
Start importing Assets/script/Boss/Boss.cs using Guid(0848238355d9bb14b9fdce1f7a80032a) Importer(815301076,1909f56bfc062723c751e8b465ee728b)  -> (artifact id: '8de76f1812e7c91c7e09206163c0cd72') in 0.015048 seconds 
========================================================================
Received Import Request.
  Time since last request: 0.386913 seconds.
  path: Assets/script/serialize
  artifactKey: Guid(8de34e391ad65df43a514ce5ba023699) Importer(815301076,1909f56bfc062723c751e8b465ee728b)
Start importing Assets/script/serialize using Guid(8de34e391ad65df43a514ce5ba023699) Importer(815301076,1909f56bfc062723c751e8b465ee728b)  -> (artifact id: '940c214956782f42b6392168b3514070') in 0.006355 seconds 
========================================================================
Received Import Request.
  Time since last request: 0.817479 seconds.
  path: Assets/script/serialize/SaveManager.cs
  artifactKey: Guid(321813f0e6d9ab54da73982deff6b0eb) Importer(815301076,1909f56bfc062723c751e8b465ee728b)
Start importing Assets/script/serialize/SaveManager.cs using Guid(321813f0e6d9ab54da73982deff6b0eb) Importer(815301076,1909f56bfc062723c751e8b465ee728b)  -> (artifact id: 'af7b1884b48698f0e3fa8664333b11ce') in 0.006520 seconds 
========================================================================
Received Prepare
Registering precompiled user dll's ...
Registered in 0.022626 seconds.
Begin MonoManager ReloadAssembly
Symbol file LoadedFromMemory doesn't match image C:\Users\Joel\Downloads\IPT_4.1-Unity\IPT-4.1Basis5\Library\PackageCache\com.unity.visualscripting@1.7.8\Editor\VisualScripting.Core\Dependencies\DotNetZip\Unity.VisualScripting.IonicZip.dll
Symbol file LoadedFromMemory doesn't match image C:\Users\Joel\Downloads\IPT_4.1-Unity\IPT-4.1Basis5\Library\PackageCache\com.unity.visualscripting@1.7.8\Editor\VisualScripting.Core\Dependencies\YamlDotNet\Unity.VisualScripting.YamlDotNet.dll
Native extension for WindowsStandalone target not found
Refreshing native plugins compatible for Editor in 2.74 ms, found 3 plugins.
Preloading 0 native plugins for Editor in 0.00 ms.
Mono: successfully reloaded assembly
- Completed reload, in  1.555 seconds
Domain Reload Profiling:
	ReloadAssembly (1556ms)
		BeginReloadAssembly (171ms)
			ExecutionOrderSort (0ms)
			DisableScriptedObjects (8ms)
			BackupInstance (0ms)
			ReleaseScriptingObjects (0ms)
			CreateAndSetChildDomain (48ms)
		EndReloadAssembly (1252ms)
			LoadAssemblies (120ms)
			RebuildTransferFunctionScriptingTraits (0ms)
			SetupTypeCache (347ms)
			ReleaseScriptCaches (2ms)
			RebuildScriptCaches (60ms)
			SetupLoadedEditorAssemblies (658ms)
				LogAssemblyErrors (0ms)
				InitializePlatformSupportModulesInManaged (19ms)
				SetLoadedEditorAssemblies (1ms)
				RefreshPlugins (3ms)
				BeforeProcessingInitializeOnLoad (100ms)
				ProcessInitializeOnLoadAttributes (361ms)
				ProcessInitializeOnLoadMethodAttributes (163ms)
				AfterProcessingInitializeOnLoad (11ms)
				EditorAssembliesLoaded (0ms)
			ExecutionOrderSort2 (0ms)
			AwakeInstancesAfterBackupRestoration (9ms)
Platform modules already initialized, skipping
Refreshing native plugins compatible for Editor in 8.17 ms, found 3 plugins.
Preloading 0 native plugins for Editor in 0.00 ms.
Unloading 4624 Unused Serialized files (Serialized files now loaded: 0)
Unloading 59 unused Assets / (154.0 KB). Loaded Objects now: 5134.
Memory consumption went from 172.0 MB to 171.8 MB.
Total: 9.187300 ms (FindLiveObjects: 0.378800 ms CreateObjectMapping: 0.123300 ms MarkObjects: 8.437200 ms  DeleteObjects: 0.246800 ms)

AssetImportParameters requested are different than current active one (requested -> active):
  custom:video-decoder-ogg-theora: a1e56fd34408186e4bbccfd4996cb3dc -> 
  custom:container-muxer-webm: aa71ff27fc2769a1b78a27578f13a17b -> 
  custom:container-demuxer-webm: 4f35f7cbe854078d1ac9338744f61a02 -> 
  custom:video-encoder-webm-vp8: eb34c28f22e8b96e1ab97ce403110664 -> 
  custom:video-codec-MediaFoundation-h265: e54d7ab0439102e2317fc1e4b246158d -> 
  custom:audio-encoder-webm-vorbis: bf7c407c2cedff20999df2af8eb42d56 -> 
  custom:framework-win-MediaFoundation: 216162199b28c13a410421893ffa2e32 -> 
  custom:container-demuxer-ogg: 62fdf1f143b41e24485cea50d1cbac27 -> 
  custom:video-decoder-webm-vp8: 9c59270c3fd7afecdb556c50c9e8de78 -> 
  custom:audio-decoder-ogg-vorbis: bf7c407c2cedff20999df2af8eb42d56 -> 
========================================================================
Received Import Request.
  Time since last request: 84.413001 seconds.
  path: Assets/script/serialize/SaveManager.cs
  artifactKey: Guid(321813f0e6d9ab54da73982deff6b0eb) Importer(815301076,1909f56bfc062723c751e8b465ee728b)
Start importing Assets/script/serialize/SaveManager.cs using Guid(321813f0e6d9ab54da73982deff6b0eb) Importer(815301076,1909f56bfc062723c751e8b465ee728b)  -> (artifact id: '55c5d6572cf3949652e01a5b9d50a6c9') in 0.012748 seconds 
========================================================================
Received Import Request.
  Time since last request: 8.842953 seconds.
  path: Assets/script/serialize/SaveObject.cs
  artifactKey: Guid(7345283bd0d375f478ee36ff641e7274) Importer(815301076,1909f56bfc062723c751e8b465ee728b)
Start importing Assets/script/serialize/SaveObject.cs using Guid(7345283bd0d375f478ee36ff641e7274) Importer(815301076,1909f56bfc062723c751e8b465ee728b)  -> (artifact id: '4f3a3ceb5a5ea80d42045c22f25aaefc') in 0.007403 seconds 
========================================================================
Received Import Request.
  Time since last request: 1.138448 seconds.
  path: Assets/script/serialize/serialize.cs
  artifactKey: Guid(0ea1233f11c39fa44bd7e1a0ebfa6744) Importer(815301076,1909f56bfc062723c751e8b465ee728b)
Start importing Assets/script/serialize/serialize.cs using Guid(0ea1233f11c39fa44bd7e1a0ebfa6744) Importer(815301076,1909f56bfc062723c751e8b465ee728b)  -> (artifact id: '0b4761b5acccfd29970cc9a890a97b97') in 0.002202 seconds 
========================================================================
Received Import Request.
  Time since last request: 76.282202 seconds.
  path: Assets/script/serialize/serialize.cs
  artifactKey: Guid(0ea1233f11c39fa44bd7e1a0ebfa6744) Importer(815301076,1909f56bfc062723c751e8b465ee728b)
Start importing Assets/script/serialize/serialize.cs using Guid(0ea1233f11c39fa44bd7e1a0ebfa6744) Importer(815301076,1909f56bfc062723c751e8b465ee728b)  -> (artifact id: 'f716f24f9d6065cd0779f019de67fb43') in 0.003093 seconds 
========================================================================
Received Prepare
Registering precompiled user dll's ...
Registered in 0.009820 seconds.
Begin MonoManager ReloadAssembly
Symbol file LoadedFromMemory doesn't match image C:\Users\Joel\Downloads\IPT_4.1-Unity\IPT-4.1Basis5\Library\PackageCache\com.unity.visualscripting@1.7.8\Editor\VisualScripting.Core\Dependencies\DotNetZip\Unity.VisualScripting.IonicZip.dll
Symbol file LoadedFromMemory doesn't match image C:\Users\Joel\Downloads\IPT_4.1-Unity\IPT-4.1Basis5\Library\PackageCache\com.unity.visualscripting@1.7.8\Editor\VisualScripting.Core\Dependencies\YamlDotNet\Unity.VisualScripting.YamlDotNet.dll
Native extension for WindowsStandalone target not found
Refreshing native plugins compatible for Editor in 1.81 ms, found 3 plugins.
Preloading 0 native plugins for Editor in 0.00 ms.
Mono: successfully reloaded assembly
- Completed reload, in  1.534 seconds
Domain Reload Profiling:
	ReloadAssembly (1535ms)
		BeginReloadAssembly (172ms)
			ExecutionOrderSort (0ms)
			DisableScriptedObjects (8ms)
			BackupInstance (0ms)
			ReleaseScriptingObjects (0ms)
			CreateAndSetChildDomain (47ms)
		EndReloadAssembly (1238ms)
			LoadAssemblies (119ms)
			RebuildTransferFunctionScriptingTraits (0ms)
			SetupTypeCache (328ms)
			ReleaseScriptCaches (2ms)
			RebuildScriptCaches (55ms)
			SetupLoadedEditorAssemblies (673ms)
				LogAssemblyErrors (0ms)
				InitializePlatformSupportModulesInManaged (14ms)
				SetLoadedEditorAssemblies (1ms)
				RefreshPlugins (2ms)
				BeforeProcessingInitializeOnLoad (102ms)
				ProcessInitializeOnLoadAttributes (376ms)
				ProcessInitializeOnLoadMethodAttributes (165ms)
				AfterProcessingInitializeOnLoad (12ms)
				EditorAssembliesLoaded (0ms)
			ExecutionOrderSort2 (0ms)
			AwakeInstancesAfterBackupRestoration (11ms)
Platform modules already initialized, skipping
Refreshing native plugins compatible for Editor in 9.33 ms, found 3 plugins.
Preloading 0 native plugins for Editor in 0.00 ms.
Unloading 4624 Unused Serialized files (Serialized files now loaded: 0)
Unloading 59 unused Assets / (154.0 KB). Loaded Objects now: 5149.
Memory consumption went from 172.0 MB to 171.9 MB.
Total: 10.320600 ms (FindLiveObjects: 0.662600 ms CreateObjectMapping: 0.448600 ms MarkObjects: 9.047400 ms  DeleteObjects: 0.160500 ms)

AssetImportParameters requested are different than current active one (requested -> active):
  custom:video-decoder-ogg-theora: a1e56fd34408186e4bbccfd4996cb3dc -> 
  custom:container-muxer-webm: aa71ff27fc2769a1b78a27578f13a17b -> 
  custom:container-demuxer-webm: 4f35f7cbe854078d1ac9338744f61a02 -> 
  custom:video-encoder-webm-vp8: eb34c28f22e8b96e1ab97ce403110664 -> 
  custom:video-codec-MediaFoundation-h265: e54d7ab0439102e2317fc1e4b246158d -> 
  custom:audio-encoder-webm-vorbis: bf7c407c2cedff20999df2af8eb42d56 -> 
  custom:framework-win-MediaFoundation: 216162199b28c13a410421893ffa2e32 -> 
  custom:container-demuxer-ogg: 62fdf1f143b41e24485cea50d1cbac27 -> 
  custom:video-decoder-webm-vp8: 9c59270c3fd7afecdb556c50c9e8de78 -> 
  custom:audio-decoder-ogg-vorbis: bf7c407c2cedff20999df2af8eb42d56 -> 
========================================================================
Received Prepare
Registering precompiled user dll's ...
Registered in 0.009203 seconds.
Begin MonoManager ReloadAssembly
Symbol file LoadedFromMemory doesn't match image C:\Users\Joel\Downloads\IPT_4.1-Unity\IPT-4.1Basis5\Library\PackageCache\com.unity.visualscripting@1.7.8\Editor\VisualScripting.Core\Dependencies\DotNetZip\Unity.VisualScripting.IonicZip.dll
Symbol file LoadedFromMemory doesn't match image C:\Users\Joel\Downloads\IPT_4.1-Unity\IPT-4.1Basis5\Library\PackageCache\com.unity.visualscripting@1.7.8\Editor\VisualScripting.Core\Dependencies\YamlDotNet\Unity.VisualScripting.YamlDotNet.dll
Native extension for WindowsStandalone target not found
Refreshing native plugins compatible for Editor in 1.38 ms, found 3 plugins.
Preloading 0 native plugins for Editor in 0.00 ms.
Mono: successfully reloaded assembly
- Completed reload, in  1.457 seconds
Domain Reload Profiling:
	ReloadAssembly (1458ms)
		BeginReloadAssembly (174ms)
			ExecutionOrderSort (0ms)
			DisableScriptedObjects (8ms)
			BackupInstance (0ms)
			ReleaseScriptingObjects (0ms)
			CreateAndSetChildDomain (51ms)
		EndReloadAssembly (1148ms)
			LoadAssemblies (117ms)
			RebuildTransferFunctionScriptingTraits (0ms)
			SetupTypeCache (315ms)
			ReleaseScriptCaches (2ms)
			RebuildScriptCaches (54ms)
			SetupLoadedEditorAssemblies (594ms)
				LogAssemblyErrors (0ms)
				InitializePlatformSupportModulesInManaged (15ms)
				SetLoadedEditorAssemblies (1ms)
				RefreshPlugins (1ms)
				BeforeProcessingInitializeOnLoad (98ms)
				ProcessInitializeOnLoadAttributes (342ms)
				ProcessInitializeOnLoadMethodAttributes (126ms)
				AfterProcessingInitializeOnLoad (10ms)
				EditorAssembliesLoaded (0ms)
			ExecutionOrderSort2 (0ms)
			AwakeInstancesAfterBackupRestoration (9ms)
Platform modules already initialized, skipping
Refreshing native plugins compatible for Editor in 8.62 ms, found 3 plugins.
Preloading 0 native plugins for Editor in 0.00 ms.
Unloading 4624 Unused Serialized files (Serialized files now loaded: 0)
Unloading 59 unused Assets / (154.0 KB). Loaded Objects now: 5164.
Memory consumption went from 172.0 MB to 171.9 MB.
Total: 8.570700 ms (FindLiveObjects: 0.414600 ms CreateObjectMapping: 0.122700 ms MarkObjects: 7.838400 ms  DeleteObjects: 0.193300 ms)

AssetImportParameters requested are different than current active one (requested -> active):
  custom:video-decoder-ogg-theora: a1e56fd34408186e4bbccfd4996cb3dc -> 
  custom:container-muxer-webm: aa71ff27fc2769a1b78a27578f13a17b -> 
  custom:container-demuxer-webm: 4f35f7cbe854078d1ac9338744f61a02 -> 
  custom:video-encoder-webm-vp8: eb34c28f22e8b96e1ab97ce403110664 -> 
  custom:video-codec-MediaFoundation-h265: e54d7ab0439102e2317fc1e4b246158d -> 
  custom:audio-encoder-webm-vorbis: bf7c407c2cedff20999df2af8eb42d56 -> 
  custom:framework-win-MediaFoundation: 216162199b28c13a410421893ffa2e32 -> 
  custom:container-demuxer-ogg: 62fdf1f143b41e24485cea50d1cbac27 -> 
  custom:video-decoder-webm-vp8: 9c59270c3fd7afecdb556c50c9e8de78 -> 
  custom:audio-decoder-ogg-vorbis: bf7c407c2cedff20999df2af8eb42d56 -> 
========================================================================
Received Import Request.
  Time since last request: 13.097095 seconds.
  path: Assets/script/serialize/serialize.cs
  artifactKey: Guid(0ea1233f11c39fa44bd7e1a0ebfa6744) Importer(815301076,1909f56bfc062723c751e8b465ee728b)
Start importing Assets/script/serialize/serialize.cs using Guid(0ea1233f11c39fa44bd7e1a0ebfa6744) Importer(815301076,1909f56bfc062723c751e8b465ee728b)  -> (artifact id: 'bd436f834a80ce141fa1ffd678ba6ce0') in 0.009548 seconds 
========================================================================
Received Import Request.
  Time since last request: 29.106067 seconds.
  path: Assets/script/serialize/serialize.cs
  artifactKey: Guid(0ea1233f11c39fa44bd7e1a0ebfa6744) Importer(815301076,1909f56bfc062723c751e8b465ee728b)
Start importing Assets/script/serialize/serialize.cs using Guid(0ea1233f11c39fa44bd7e1a0ebfa6744) Importer(815301076,1909f56bfc062723c751e8b465ee728b)  -> (artifact id: '86a96785f46d6d5882162bef3b70de60') in 0.002955 seconds 
========================================================================
Received Prepare
Registering precompiled user dll's ...
Registered in 0.011153 seconds.
Begin MonoManager ReloadAssembly
Symbol file LoadedFromMemory doesn't match image C:\Users\Joel\Downloads\IPT_4.1-Unity\IPT-4.1Basis5\Library\PackageCache\com.unity.visualscripting@1.7.8\Editor\VisualScripting.Core\Dependencies\DotNetZip\Unity.VisualScripting.IonicZip.dll
Symbol file LoadedFromMemory doesn't match image C:\Users\Joel\Downloads\IPT_4.1-Unity\IPT-4.1Basis5\Library\PackageCache\com.unity.visualscripting@1.7.8\Editor\VisualScripting.Core\Dependencies\YamlDotNet\Unity.VisualScripting.YamlDotNet.dll
Native extension for WindowsStandalone target not found
Refreshing native plugins compatible for Editor in 1.25 ms, found 3 plugins.
Preloading 0 native plugins for Editor in 0.00 ms.
Mono: successfully reloaded assembly
- Completed reload, in  1.440 seconds
Domain Reload Profiling:
	ReloadAssembly (1441ms)
		BeginReloadAssembly (179ms)
			ExecutionOrderSort (0ms)
			DisableScriptedObjects (9ms)
			BackupInstance (0ms)
			ReleaseScriptingObjects (0ms)
			CreateAndSetChildDomain (47ms)
		EndReloadAssembly (1132ms)
			LoadAssemblies (121ms)
			RebuildTransferFunctionScriptingTraits (0ms)
			SetupTypeCache (314ms)
			ReleaseScriptCaches (1ms)
			RebuildScriptCaches (56ms)
			SetupLoadedEditorAssemblies (586ms)
				LogAssemblyErrors (0ms)
				InitializePlatformSupportModulesInManaged (15ms)
				SetLoadedEditorAssemblies (1ms)
				RefreshPlugins (1ms)
				BeforeProcessingInitializeOnLoad (94ms)
				ProcessInitializeOnLoadAttributes (313ms)
				ProcessInitializeOnLoadMethodAttributes (149ms)
				AfterProcessingInitializeOnLoad (13ms)
				EditorAssembliesLoaded (0ms)
			ExecutionOrderSort2 (0ms)
			AwakeInstancesAfterBackupRestoration (10ms)
Platform modules already initialized, skipping
Refreshing native plugins compatible for Editor in 10.77 ms, found 3 plugins.
Preloading 0 native plugins for Editor in 0.00 ms.
Unloading 4624 Unused Serialized files (Serialized files now loaded: 0)
Unloading 59 unused Assets / (154.1 KB). Loaded Objects now: 5179.
Memory consumption went from 171.9 MB to 171.7 MB.
Total: 7.803300 ms (FindLiveObjects: 0.426000 ms CreateObjectMapping: 0.123100 ms MarkObjects: 7.072300 ms  DeleteObjects: 0.180700 ms)

AssetImportParameters requested are different than current active one (requested -> active):
  custom:video-decoder-ogg-theora: a1e56fd34408186e4bbccfd4996cb3dc -> 
  custom:container-muxer-webm: aa71ff27fc2769a1b78a27578f13a17b -> 
  custom:container-demuxer-webm: 4f35f7cbe854078d1ac9338744f61a02 -> 
  custom:video-encoder-webm-vp8: eb34c28f22e8b96e1ab97ce403110664 -> 
  custom:video-codec-MediaFoundation-h265: e54d7ab0439102e2317fc1e4b246158d -> 
  custom:audio-encoder-webm-vorbis: bf7c407c2cedff20999df2af8eb42d56 -> 
  custom:framework-win-MediaFoundation: 216162199b28c13a410421893ffa2e32 -> 
  custom:container-demuxer-ogg: 62fdf1f143b41e24485cea50d1cbac27 -> 
  custom:video-decoder-webm-vp8: 9c59270c3fd7afecdb556c50c9e8de78 -> 
  custom:audio-decoder-ogg-vorbis: bf7c407c2cedff20999df2af8eb42d56 -> 
========================================================================
Received Import Request.
  Time since last request: 16.708582 seconds.
  path: Assets/script/serialize/serialize.cs
  artifactKey: Guid(0ea1233f11c39fa44bd7e1a0ebfa6744) Importer(815301076,1909f56bfc062723c751e8b465ee728b)
Start importing Assets/script/serialize/serialize.cs using Guid(0ea1233f11c39fa44bd7e1a0ebfa6744) Importer(815301076,1909f56bfc062723c751e8b465ee728b)  -> (artifact id: 'db4831a7aed3bd8889aa639a62a843ae') in 0.013276 seconds 
========================================================================
Received Prepare
Registering precompiled user dll's ...
Registered in 0.010283 seconds.
Begin MonoManager ReloadAssembly
Symbol file LoadedFromMemory doesn't match image C:\Users\Joel\Downloads\IPT_4.1-Unity\IPT-4.1Basis5\Library\PackageCache\com.unity.visualscripting@1.7.8\Editor\VisualScripting.Core\Dependencies\DotNetZip\Unity.VisualScripting.IonicZip.dll
Symbol file LoadedFromMemory doesn't match image C:\Users\Joel\Downloads\IPT_4.1-Unity\IPT-4.1Basis5\Library\PackageCache\com.unity.visualscripting@1.7.8\Editor\VisualScripting.Core\Dependencies\YamlDotNet\Unity.VisualScripting.YamlDotNet.dll
Native extension for WindowsStandalone target not found
Refreshing native plugins compatible for Editor in 1.27 ms, found 3 plugins.
Preloading 0 native plugins for Editor in 0.00 ms.
Mono: successfully reloaded assembly
- Completed reload, in  1.518 seconds
Domain Reload Profiling:
	ReloadAssembly (1519ms)
		BeginReloadAssembly (180ms)
			ExecutionOrderSort (0ms)
			DisableScriptedObjects (7ms)
			BackupInstance (0ms)
			ReleaseScriptingObjects (0ms)
			CreateAndSetChildDomain (50ms)
		EndReloadAssembly (1193ms)
			LoadAssemblies (123ms)
			RebuildTransferFunctionScriptingTraits (0ms)
			SetupTypeCache (321ms)
			ReleaseScriptCaches (2ms)
			RebuildScriptCaches (50ms)
			SetupLoadedEditorAssemblies (639ms)
				LogAssemblyErrors (0ms)
				InitializePlatformSupportModulesInManaged (15ms)
				SetLoadedEditorAssemblies (1ms)
				RefreshPlugins (1ms)
				BeforeProcessingInitializeOnLoad (93ms)
				ProcessInitializeOnLoadAttributes (349ms)
				ProcessInitializeOnLoadMethodAttributes (166ms)
				AfterProcessingInitializeOnLoad (14ms)
				EditorAssembliesLoaded (0ms)
			ExecutionOrderSort2 (0ms)
			AwakeInstancesAfterBackupRestoration (10ms)
Platform modules already initialized, skipping
Refreshing native plugins compatible for Editor in 8.40 ms, found 3 plugins.
Preloading 0 native plugins for Editor in 0.00 ms.
Unloading 4624 Unused Serialized files (Serialized files now loaded: 0)
Unloading 59 unused Assets / (154.0 KB). Loaded Objects now: 5194.
Memory consumption went from 171.9 MB to 171.7 MB.
Total: 13.012400 ms (FindLiveObjects: 0.437800 ms CreateObjectMapping: 0.156100 ms MarkObjects: 12.223000 ms  DeleteObjects: 0.194100 ms)

AssetImportParameters requested are different than current active one (requested -> active):
  custom:video-decoder-ogg-theora: a1e56fd34408186e4bbccfd4996cb3dc -> 
  custom:container-muxer-webm: aa71ff27fc2769a1b78a27578f13a17b -> 
  custom:container-demuxer-webm: 4f35f7cbe854078d1ac9338744f61a02 -> 
  custom:video-encoder-webm-vp8: eb34c28f22e8b96e1ab97ce403110664 -> 
  custom:video-codec-MediaFoundation-h265: e54d7ab0439102e2317fc1e4b246158d -> 
  custom:audio-encoder-webm-vorbis: bf7c407c2cedff20999df2af8eb42d56 -> 
  custom:framework-win-MediaFoundation: 216162199b28c13a410421893ffa2e32 -> 
  custom:container-demuxer-ogg: 62fdf1f143b41e24485cea50d1cbac27 -> 
  custom:video-decoder-webm-vp8: 9c59270c3fd7afecdb556c50c9e8de78 -> 
  custom:audio-decoder-ogg-vorbis: bf7c407c2cedff20999df2af8eb42d56 -> 
========================================================================
Received Import Request.
  Time since last request: 7.856961 seconds.
  path: Assets/script/AnimatorManager.cs
  artifactKey: Guid(f5670f37b7737524f803e9681576045b) Importer(815301076,1909f56bfc062723c751e8b465ee728b)
Start importing Assets/script/AnimatorManager.cs using Guid(f5670f37b7737524f803e9681576045b) Importer(815301076,1909f56bfc062723c751e8b465ee728b)  -> (artifact id: 'd925180bdfa9ca9029d99cb164cbca38') in 0.013428 seconds 
========================================================================
Received Import Request.
  Time since last request: 5.593418 seconds.
  path: Assets/script/CameraManager.cs
  artifactKey: Guid(4623a33199195424aa3507ee35efb7a8) Importer(815301076,1909f56bfc062723c751e8b465ee728b)
Start importing Assets/script/CameraManager.cs using Guid(4623a33199195424aa3507ee35efb7a8) Importer(815301076,1909f56bfc062723c751e8b465ee728b)  -> (artifact id: '2868030fc7f4241a2d12a63f99917148') in 0.006611 seconds 
========================================================================
Received Import Request.
  Time since last request: 0.458648 seconds.
  path: Assets/script/CutScene.cs
  artifactKey: Guid(2b7cdb129c852fd4c8ee10b0b728f757) Importer(815301076,1909f56bfc062723c751e8b465ee728b)
Start importing Assets/script/CutScene.cs using Guid(2b7cdb129c852fd4c8ee10b0b728f757) Importer(815301076,1909f56bfc062723c751e8b465ee728b)  -> (artifact id: 'ce2c0dab5cf7b994e143766a7953bdf3') in 0.006163 seconds 
========================================================================
Received Import Request.
  Time since last request: 28.462401 seconds.
  path: Assets/script/CutScene.cs
  artifactKey: Guid(2b7cdb129c852fd4c8ee10b0b728f757) Importer(815301076,1909f56bfc062723c751e8b465ee728b)
Start importing Assets/script/CutScene.cs using Guid(2b7cdb129c852fd4c8ee10b0b728f757) Importer(815301076,1909f56bfc062723c751e8b465ee728b)  -> (artifact id: '9d1c41efaa24d452a663f7869d51dca8') in 0.002702 seconds 
========================================================================
Received Prepare
Registering precompiled user dll's ...
Registered in 0.012795 seconds.
Begin MonoManager ReloadAssembly
Symbol file LoadedFromMemory doesn't match image C:\Users\Joel\Downloads\IPT_4.1-Unity\IPT-4.1Basis5\Library\PackageCache\com.unity.visualscripting@1.7.8\Editor\VisualScripting.Core\Dependencies\DotNetZip\Unity.VisualScripting.IonicZip.dll
Symbol file LoadedFromMemory doesn't match image C:\Users\Joel\Downloads\IPT_4.1-Unity\IPT-4.1Basis5\Library\PackageCache\com.unity.visualscripting@1.7.8\Editor\VisualScripting.Core\Dependencies\YamlDotNet\Unity.VisualScripting.YamlDotNet.dll
Native extension for WindowsStandalone target not found
Refreshing native plugins compatible for Editor in 1.64 ms, found 3 plugins.
Preloading 0 native plugins for Editor in 0.00 ms.
Mono: successfully reloaded assembly
- Completed reload, in  1.491 seconds
Domain Reload Profiling:
	ReloadAssembly (1492ms)
		BeginReloadAssembly (182ms)
			ExecutionOrderSort (0ms)
			DisableScriptedObjects (10ms)
			BackupInstance (0ms)
			ReleaseScriptingObjects (0ms)
			CreateAndSetChildDomain (45ms)
		EndReloadAssembly (1186ms)
			LoadAssemblies (124ms)
			RebuildTransferFunctionScriptingTraits (0ms)
			SetupTypeCache (311ms)
			ReleaseScriptCaches (2ms)
			RebuildScriptCaches (54ms)
			SetupLoadedEditorAssemblies (642ms)
				LogAssemblyErrors (0ms)
				InitializePlatformSupportModulesInManaged (15ms)
				SetLoadedEditorAssemblies (1ms)
				RefreshPlugins (2ms)
				BeforeProcessingInitializeOnLoad (95ms)
				ProcessInitializeOnLoadAttributes (363ms)
				ProcessInitializeOnLoadMethodAttributes (153ms)
				AfterProcessingInitializeOnLoad (13ms)
				EditorAssembliesLoaded (0ms)
			ExecutionOrderSort2 (0ms)
			AwakeInstancesAfterBackupRestoration (9ms)
Platform modules already initialized, skipping
Refreshing native plugins compatible for Editor in 8.58 ms, found 3 plugins.
Preloading 0 native plugins for Editor in 0.00 ms.
Unloading 4624 Unused Serialized files (Serialized files now loaded: 0)
Unloading 59 unused Assets / (154.1 KB). Loaded Objects now: 5209.
Memory consumption went from 171.9 MB to 171.8 MB.
Total: 8.482100 ms (FindLiveObjects: 0.396300 ms CreateObjectMapping: 0.124600 ms MarkObjects: 7.773200 ms  DeleteObjects: 0.186500 ms)

AssetImportParameters requested are different than current active one (requested -> active):
  custom:video-decoder-ogg-theora: a1e56fd34408186e4bbccfd4996cb3dc -> 
  custom:container-muxer-webm: aa71ff27fc2769a1b78a27578f13a17b -> 
  custom:container-demuxer-webm: 4f35f7cbe854078d1ac9338744f61a02 -> 
  custom:video-encoder-webm-vp8: eb34c28f22e8b96e1ab97ce403110664 -> 
  custom:video-codec-MediaFoundation-h265: e54d7ab0439102e2317fc1e4b246158d -> 
  custom:audio-encoder-webm-vorbis: bf7c407c2cedff20999df2af8eb42d56 -> 
  custom:framework-win-MediaFoundation: 216162199b28c13a410421893ffa2e32 -> 
  custom:container-demuxer-ogg: 62fdf1f143b41e24485cea50d1cbac27 -> 
  custom:video-decoder-webm-vp8: 9c59270c3fd7afecdb556c50c9e8de78 -> 
  custom:audio-decoder-ogg-vorbis: bf7c407c2cedff20999df2af8eb42d56 -> 
========================================================================
Received Import Request.
  Time since last request: 21.758044 seconds.
  path: Assets/script/door_script.cs
  artifactKey: Guid(f761b1bafe7606c45bbc580b6135df17) Importer(815301076,1909f56bfc062723c751e8b465ee728b)
Start importing Assets/script/door_script.cs using Guid(f761b1bafe7606c45bbc580b6135df17) Importer(815301076,1909f56bfc062723c751e8b465ee728b)  -> (artifact id: 'babab7c6aba10e594875817e70979ff3') in 0.010399 seconds 
========================================================================
Received Prepare
Registering precompiled user dll's ...
Registered in 0.009844 seconds.
Begin MonoManager ReloadAssembly
Symbol file LoadedFromMemory doesn't match image C:\Users\Joel\Downloads\IPT_4.1-Unity\IPT-4.1Basis5\Library\PackageCache\com.unity.visualscripting@1.7.8\Editor\VisualScripting.Core\Dependencies\DotNetZip\Unity.VisualScripting.IonicZip.dll
Symbol file LoadedFromMemory doesn't match image C:\Users\Joel\Downloads\IPT_4.1-Unity\IPT-4.1Basis5\Library\PackageCache\com.unity.visualscripting@1.7.8\Editor\VisualScripting.Core\Dependencies\YamlDotNet\Unity.VisualScripting.YamlDotNet.dll
Native extension for WindowsStandalone target not found
Refreshing native plugins compatible for Editor in 1.28 ms, found 3 plugins.
Preloading 0 native plugins for Editor in 0.00 ms.
Mono: successfully reloaded assembly
- Completed reload, in  1.469 seconds
Domain Reload Profiling:
	ReloadAssembly (1470ms)
		BeginReloadAssembly (169ms)
			ExecutionOrderSort (0ms)
			DisableScriptedObjects (10ms)
			BackupInstance (0ms)
			ReleaseScriptingObjects (0ms)
			CreateAndSetChildDomain (42ms)
		EndReloadAssembly (1164ms)
			LoadAssemblies (123ms)
			RebuildTransferFunctionScriptingTraits (0ms)
			SetupTypeCache (330ms)
			ReleaseScriptCaches (2ms)
			RebuildScriptCaches (50ms)
			SetupLoadedEditorAssemblies (596ms)
				LogAssemblyErrors (0ms)
				InitializePlatformSupportModulesInManaged (15ms)
				SetLoadedEditorAssemblies (1ms)
				RefreshPlugins (1ms)
				BeforeProcessingInitializeOnLoad (91ms)
				ProcessInitializeOnLoadAttributes (314ms)
				ProcessInitializeOnLoadMethodAttributes (156ms)
				AfterProcessingInitializeOnLoad (17ms)
				EditorAssembliesLoaded (0ms)
			ExecutionOrderSort2 (0ms)
			AwakeInstancesAfterBackupRestoration (11ms)
Platform modules already initialized, skipping
Refreshing native plugins compatible for Editor in 8.58 ms, found 3 plugins.
Preloading 0 native plugins for Editor in 0.00 ms.
Unloading 4624 Unused Serialized files (Serialized files now loaded: 0)
Unloading 59 unused Assets / (154.0 KB). Loaded Objects now: 5224.
Memory consumption went from 171.9 MB to 171.8 MB.
Total: 8.977400 ms (FindLiveObjects: 0.491900 ms CreateObjectMapping: 0.155100 ms MarkObjects: 8.094600 ms  DeleteObjects: 0.234400 ms)

AssetImportParameters requested are different than current active one (requested -> active):
  custom:video-decoder-ogg-theora: a1e56fd34408186e4bbccfd4996cb3dc -> 
  custom:container-muxer-webm: aa71ff27fc2769a1b78a27578f13a17b -> 
  custom:container-demuxer-webm: 4f35f7cbe854078d1ac9338744f61a02 -> 
  custom:video-encoder-webm-vp8: eb34c28f22e8b96e1ab97ce403110664 -> 
  custom:video-codec-MediaFoundation-h265: e54d7ab0439102e2317fc1e4b246158d -> 
  custom:audio-encoder-webm-vorbis: bf7c407c2cedff20999df2af8eb42d56 -> 
  custom:framework-win-MediaFoundation: 216162199b28c13a410421893ffa2e32 -> 
  custom:container-demuxer-ogg: 62fdf1f143b41e24485cea50d1cbac27 -> 
  custom:video-decoder-webm-vp8: 9c59270c3fd7afecdb556c50c9e8de78 -> 
  custom:audio-decoder-ogg-vorbis: bf7c407c2cedff20999df2af8eb42d56 -> 
========================================================================
Received Import Request.
  Time since last request: 49.366806 seconds.
  path: Assets/script/door_script.cs
  artifactKey: Guid(f761b1bafe7606c45bbc580b6135df17) Importer(815301076,1909f56bfc062723c751e8b465ee728b)
Start importing Assets/script/door_script.cs using Guid(f761b1bafe7606c45bbc580b6135df17) Importer(815301076,1909f56bfc062723c751e8b465ee728b)  -> (artifact id: 'efc2985e47e6819d1e97868a198c0df0') in 0.010623 seconds 
========================================================================
Received Prepare
Registering precompiled user dll's ...
Registered in 0.012555 seconds.
Begin MonoManager ReloadAssembly
Symbol file LoadedFromMemory doesn't match image C:\Users\Joel\Downloads\IPT_4.1-Unity\IPT-4.1Basis5\Library\PackageCache\com.unity.visualscripting@1.7.8\Editor\VisualScripting.Core\Dependencies\DotNetZip\Unity.VisualScripting.IonicZip.dll
Symbol file LoadedFromMemory doesn't match image C:\Users\Joel\Downloads\IPT_4.1-Unity\IPT-4.1Basis5\Library\PackageCache\com.unity.visualscripting@1.7.8\Editor\VisualScripting.Core\Dependencies\YamlDotNet\Unity.VisualScripting.YamlDotNet.dll
Native extension for WindowsStandalone target not found
Refreshing native plugins compatible for Editor in 1.66 ms, found 3 plugins.
Preloading 0 native plugins for Editor in 0.00 ms.
Mono: successfully reloaded assembly
- Completed reload, in  1.472 seconds
Domain Reload Profiling:
	ReloadAssembly (1473ms)
		BeginReloadAssembly (174ms)
			ExecutionOrderSort (0ms)
			DisableScriptedObjects (7ms)
			BackupInstance (0ms)
			ReleaseScriptingObjects (0ms)
			CreateAndSetChildDomain (44ms)
		EndReloadAssembly (1167ms)
			LoadAssemblies (120ms)
			RebuildTransferFunctionScriptingTraits (0ms)
			SetupTypeCache (325ms)
			ReleaseScriptCaches (2ms)
			RebuildScriptCaches (53ms)
			SetupLoadedEditorAssemblies (616ms)
				LogAssemblyErrors (0ms)
				InitializePlatformSupportModulesInManaged (19ms)
				SetLoadedEditorAssemblies (1ms)
				RefreshPlugins (2ms)
				BeforeProcessingInitializeOnLoad (90ms)
				ProcessInitializeOnLoadAttributes (348ms)
				ProcessInitializeOnLoadMethodAttributes (144ms)
				AfterProcessingInitializeOnLoad (12ms)
				EditorAssembliesLoaded (0ms)
			ExecutionOrderSort2 (0ms)
			AwakeInstancesAfterBackupRestoration (8ms)
Platform modules already initialized, skipping
Refreshing native plugins compatible for Editor in 8.05 ms, found 3 plugins.
Preloading 0 native plugins for Editor in 0.00 ms.
Unloading 4624 Unused Serialized files (Serialized files now loaded: 0)
Unloading 59 unused Assets / (154.1 KB). Loaded Objects now: 5239.
Memory consumption went from 172.0 MB to 171.8 MB.
Total: 8.317100 ms (FindLiveObjects: 0.410400 ms CreateObjectMapping: 0.148100 ms MarkObjects: 7.564000 ms  DeleteObjects: 0.193100 ms)

AssetImportParameters requested are different than current active one (requested -> active):
  custom:video-decoder-ogg-theora: a1e56fd34408186e4bbccfd4996cb3dc -> 
  custom:container-muxer-webm: aa71ff27fc2769a1b78a27578f13a17b -> 
  custom:container-demuxer-webm: 4f35f7cbe854078d1ac9338744f61a02 -> 
  custom:video-encoder-webm-vp8: eb34c28f22e8b96e1ab97ce403110664 -> 
  custom:video-codec-MediaFoundation-h265: e54d7ab0439102e2317fc1e4b246158d -> 
  custom:audio-encoder-webm-vorbis: bf7c407c2cedff20999df2af8eb42d56 -> 
  custom:framework-win-MediaFoundation: 216162199b28c13a410421893ffa2e32 -> 
  custom:container-demuxer-ogg: 62fdf1f143b41e24485cea50d1cbac27 -> 
  custom:video-decoder-webm-vp8: 9c59270c3fd7afecdb556c50c9e8de78 -> 
  custom:audio-decoder-ogg-vorbis: bf7c407c2cedff20999df2af8eb42d56 -> 
========================================================================
Received Import Request.
  Time since last request: 37.546793 seconds.
  path: Assets/script/door_script.cs
  artifactKey: Guid(f761b1bafe7606c45bbc580b6135df17) Importer(815301076,1909f56bfc062723c751e8b465ee728b)
Start importing Assets/script/door_script.cs using Guid(f761b1bafe7606c45bbc580b6135df17) Importer(815301076,1909f56bfc062723c751e8b465ee728b)  -> (artifact id: '38beb615a9131d0f77f49abe5a591343') in 0.011371 seconds 
========================================================================
Received Prepare
Registering precompiled user dll's ...
Registered in 0.010794 seconds.
Begin MonoManager ReloadAssembly
Symbol file LoadedFromMemory doesn't match image C:\Users\Joel\Downloads\IPT_4.1-Unity\IPT-4.1Basis5\Library\PackageCache\com.unity.visualscripting@1.7.8\Editor\VisualScripting.Core\Dependencies\DotNetZip\Unity.VisualScripting.IonicZip.dll
Symbol file LoadedFromMemory doesn't match image C:\Users\Joel\Downloads\IPT_4.1-Unity\IPT-4.1Basis5\Library\PackageCache\com.unity.visualscripting@1.7.8\Editor\VisualScripting.Core\Dependencies\YamlDotNet\Unity.VisualScripting.YamlDotNet.dll
Native extension for WindowsStandalone target not found
Refreshing native plugins compatible for Editor in 1.20 ms, found 3 plugins.
Preloading 0 native plugins for Editor in 0.00 ms.
Mono: successfully reloaded assembly
- Completed reload, in  1.444 seconds
Domain Reload Profiling:
	ReloadAssembly (1445ms)
		BeginReloadAssembly (170ms)
			ExecutionOrderSort (0ms)
			DisableScriptedObjects (9ms)
			BackupInstance (0ms)
			ReleaseScriptingObjects (0ms)
			CreateAndSetChildDomain (44ms)
		EndReloadAssembly (1143ms)
			LoadAssemblies (115ms)
			RebuildTransferFunctionScriptingTraits (0ms)
			SetupTypeCache (319ms)
			ReleaseScriptCaches (2ms)
			RebuildScriptCaches (50ms)
			SetupLoadedEditorAssemblies (599ms)
				LogAssemblyErrors (0ms)
				InitializePlatformSupportModulesInManaged (14ms)
				SetLoadedEditorAssemblies (1ms)
				RefreshPlugins (1ms)
				BeforeProcessingInitializeOnLoad (91ms)
				ProcessInitializeOnLoadAttributes (351ms)
				ProcessInitializeOnLoadMethodAttributes (132ms)
				AfterProcessingInitializeOnLoad (10ms)
				EditorAssembliesLoaded (0ms)
			ExecutionOrderSort2 (0ms)
			AwakeInstancesAfterBackupRestoration (10ms)
Platform modules already initialized, skipping
Refreshing native plugins compatible for Editor in 9.26 ms, found 3 plugins.
Preloading 0 native plugins for Editor in 0.00 ms.
Unloading 4624 Unused Serialized files (Serialized files now loaded: 0)
Unloading 59 unused Assets / (153.7 KB). Loaded Objects now: 5254.
Memory consumption went from 171.9 MB to 171.8 MB.
Total: 10.388600 ms (FindLiveObjects: 0.513300 ms CreateObjectMapping: 0.194500 ms MarkObjects: 9.487700 ms  DeleteObjects: 0.191700 ms)

AssetImportParameters requested are different than current active one (requested -> active):
  custom:video-decoder-ogg-theora: a1e56fd34408186e4bbccfd4996cb3dc -> 
  custom:container-muxer-webm: aa71ff27fc2769a1b78a27578f13a17b -> 
  custom:container-demuxer-webm: 4f35f7cbe854078d1ac9338744f61a02 -> 
  custom:video-encoder-webm-vp8: eb34c28f22e8b96e1ab97ce403110664 -> 
  custom:video-codec-MediaFoundation-h265: e54d7ab0439102e2317fc1e4b246158d -> 
  custom:audio-encoder-webm-vorbis: bf7c407c2cedff20999df2af8eb42d56 -> 
  custom:framework-win-MediaFoundation: 216162199b28c13a410421893ffa2e32 -> 
  custom:container-demuxer-ogg: 62fdf1f143b41e24485cea50d1cbac27 -> 
  custom:video-decoder-webm-vp8: 9c59270c3fd7afecdb556c50c9e8de78 -> 
  custom:audio-decoder-ogg-vorbis: bf7c407c2cedff20999df2af8eb42d56 -> 
========================================================================
Received Import Request.
  Time since last request: 7.806191 seconds.
  path: Assets/script/door_script.cs
  artifactKey: Guid(f761b1bafe7606c45bbc580b6135df17) Importer(815301076,1909f56bfc062723c751e8b465ee728b)
Start importing Assets/script/door_script.cs using Guid(f761b1bafe7606c45bbc580b6135df17) Importer(815301076,1909f56bfc062723c751e8b465ee728b)  -> (artifact id: '00c5451fe3789383f9d2db0beb2e57e4') in 0.010510 seconds 
========================================================================
Received Prepare
Registering precompiled user dll's ...
Registered in 0.008646 seconds.
Begin MonoManager ReloadAssembly
Symbol file LoadedFromMemory doesn't match image C:\Users\Joel\Downloads\IPT_4.1-Unity\IPT-4.1Basis5\Library\PackageCache\com.unity.visualscripting@1.7.8\Editor\VisualScripting.Core\Dependencies\DotNetZip\Unity.VisualScripting.IonicZip.dll
Symbol file LoadedFromMemory doesn't match image C:\Users\Joel\Downloads\IPT_4.1-Unity\IPT-4.1Basis5\Library\PackageCache\com.unity.visualscripting@1.7.8\Editor\VisualScripting.Core\Dependencies\YamlDotNet\Unity.VisualScripting.YamlDotNet.dll
Native extension for WindowsStandalone target not found
Refreshing native plugins compatible for Editor in 1.48 ms, found 3 plugins.
Preloading 0 native plugins for Editor in 0.00 ms.
Mono: successfully reloaded assembly
- Completed reload, in  1.529 seconds
Domain Reload Profiling:
	ReloadAssembly (1529ms)
		BeginReloadAssembly (175ms)
			ExecutionOrderSort (0ms)
			DisableScriptedObjects (8ms)
			BackupInstance (0ms)
			ReleaseScriptingObjects (0ms)
			CreateAndSetChildDomain (49ms)
		EndReloadAssembly (1219ms)
			LoadAssemblies (121ms)
			RebuildTransferFunctionScriptingTraits (0ms)
			SetupTypeCache (321ms)
			ReleaseScriptCaches (2ms)
			RebuildScriptCaches (59ms)
			SetupLoadedEditorAssemblies (642ms)
				LogAssemblyErrors (0ms)
				InitializePlatformSupportModulesInManaged (16ms)
				SetLoadedEditorAssemblies (1ms)
				RefreshPlugins (2ms)
				BeforeProcessingInitializeOnLoad (108ms)
				ProcessInitializeOnLoadAttributes (354ms)
				ProcessInitializeOnLoadMethodAttributes (150ms)
				AfterProcessingInitializeOnLoad (11ms)
				EditorAssembliesLoaded (0ms)
			ExecutionOrderSort2 (0ms)
			AwakeInstancesAfterBackupRestoration (9ms)
Platform modules already initialized, skipping
Refreshing native plugins compatible for Editor in 7.90 ms, found 3 plugins.
Preloading 0 native plugins for Editor in 0.00 ms.
Unloading 4624 Unused Serialized files (Serialized files now loaded: 0)
Unloading 59 unused Assets / (153.8 KB). Loaded Objects now: 5269.
Memory consumption went from 172.0 MB to 171.8 MB.
Total: 9.056900 ms (FindLiveObjects: 0.439200 ms CreateObjectMapping: 0.187100 ms MarkObjects: 8.234000 ms  DeleteObjects: 0.194800 ms)

AssetImportParameters requested are different than current active one (requested -> active):
  custom:video-decoder-ogg-theora: a1e56fd34408186e4bbccfd4996cb3dc -> 
  custom:container-muxer-webm: aa71ff27fc2769a1b78a27578f13a17b -> 
  custom:container-demuxer-webm: 4f35f7cbe854078d1ac9338744f61a02 -> 
  custom:video-encoder-webm-vp8: eb34c28f22e8b96e1ab97ce403110664 -> 
  custom:video-codec-MediaFoundation-h265: e54d7ab0439102e2317fc1e4b246158d -> 
  custom:audio-encoder-webm-vorbis: bf7c407c2cedff20999df2af8eb42d56 -> 
  custom:framework-win-MediaFoundation: 216162199b28c13a410421893ffa2e32 -> 
  custom:container-demuxer-ogg: 62fdf1f143b41e24485cea50d1cbac27 -> 
  custom:video-decoder-webm-vp8: 9c59270c3fd7afecdb556c50c9e8de78 -> 
  custom:audio-decoder-ogg-vorbis: bf7c407c2cedff20999df2af8eb42d56 -> 
========================================================================
Received Import Request.
  Time since last request: 7.584744 seconds.
  path: Assets/script/hat.cs
  artifactKey: Guid(2f33a60a3e29d9448a15bb0209e82e91) Importer(815301076,1909f56bfc062723c751e8b465ee728b)
Start importing Assets/script/hat.cs using Guid(2f33a60a3e29d9448a15bb0209e82e91) Importer(815301076,1909f56bfc062723c751e8b465ee728b)  -> (artifact id: 'c1df7d6397016c909fe600a5967b2dca') in 0.014069 seconds 
========================================================================
Received Import Request.
  Time since last request: 7.259091 seconds.
  path: Assets/script/hat.cs
  artifactKey: Guid(2f33a60a3e29d9448a15bb0209e82e91) Importer(815301076,1909f56bfc062723c751e8b465ee728b)
Start importing Assets/script/hat.cs using Guid(2f33a60a3e29d9448a15bb0209e82e91) Importer(815301076,1909f56bfc062723c751e8b465ee728b)  -> (artifact id: '07a26e5a8a2af005652d42ae4c35dae9') in 0.002806 seconds 
========================================================================
Received Prepare
Registering precompiled user dll's ...
Registered in 0.009516 seconds.
Begin MonoManager ReloadAssembly
Symbol file LoadedFromMemory doesn't match image C:\Users\Joel\Downloads\IPT_4.1-Unity\IPT-4.1Basis5\Library\PackageCache\com.unity.visualscripting@1.7.8\Editor\VisualScripting.Core\Dependencies\DotNetZip\Unity.VisualScripting.IonicZip.dll
Symbol file LoadedFromMemory doesn't match image C:\Users\Joel\Downloads\IPT_4.1-Unity\IPT-4.1Basis5\Library\PackageCache\com.unity.visualscripting@1.7.8\Editor\VisualScripting.Core\Dependencies\YamlDotNet\Unity.VisualScripting.YamlDotNet.dll
Native extension for WindowsStandalone target not found
Refreshing native plugins compatible for Editor in 1.40 ms, found 3 plugins.
Preloading 0 native plugins for Editor in 0.00 ms.
Mono: successfully reloaded assembly
- Completed reload, in  1.560 seconds
Domain Reload Profiling:
	ReloadAssembly (1561ms)
		BeginReloadAssembly (200ms)
			ExecutionOrderSort (0ms)
			DisableScriptedObjects (8ms)
			BackupInstance (0ms)
			ReleaseScriptingObjects (0ms)
			CreateAndSetChildDomain (64ms)
		EndReloadAssembly (1212ms)
			LoadAssemblies (125ms)
			RebuildTransferFunctionScriptingTraits (0ms)
			SetupTypeCache (349ms)
			ReleaseScriptCaches (2ms)
			RebuildScriptCaches (67ms)
			SetupLoadedEditorAssemblies (620ms)
				LogAssemblyErrors (0ms)
				InitializePlatformSupportModulesInManaged (15ms)
				SetLoadedEditorAssemblies (1ms)
				RefreshPlugins (1ms)
				BeforeProcessingInitializeOnLoad (99ms)
				ProcessInitializeOnLoadAttributes (353ms)
				ProcessInitializeOnLoadMethodAttributes (139ms)
				AfterProcessingInitializeOnLoad (11ms)
				EditorAssembliesLoaded (0ms)
			ExecutionOrderSort2 (0ms)
			AwakeInstancesAfterBackupRestoration (9ms)
Platform modules already initialized, skipping
Refreshing native plugins compatible for Editor in 8.98 ms, found 3 plugins.
Preloading 0 native plugins for Editor in 0.00 ms.
Unloading 4624 Unused Serialized files (Serialized files now loaded: 0)
Unloading 59 unused Assets / (153.6 KB). Loaded Objects now: 5284.
Memory consumption went from 172.0 MB to 171.8 MB.
Total: 7.447600 ms (FindLiveObjects: 0.388900 ms CreateObjectMapping: 0.129400 ms MarkObjects: 6.758800 ms  DeleteObjects: 0.168700 ms)

AssetImportParameters requested are different than current active one (requested -> active):
  custom:video-decoder-ogg-theora: a1e56fd34408186e4bbccfd4996cb3dc -> 
  custom:container-muxer-webm: aa71ff27fc2769a1b78a27578f13a17b -> 
  custom:container-demuxer-webm: 4f35f7cbe854078d1ac9338744f61a02 -> 
  custom:video-encoder-webm-vp8: eb34c28f22e8b96e1ab97ce403110664 -> 
  custom:video-codec-MediaFoundation-h265: e54d7ab0439102e2317fc1e4b246158d -> 
  custom:audio-encoder-webm-vorbis: bf7c407c2cedff20999df2af8eb42d56 -> 
  custom:framework-win-MediaFoundation: 216162199b28c13a410421893ffa2e32 -> 
  custom:container-demuxer-ogg: 62fdf1f143b41e24485cea50d1cbac27 -> 
  custom:video-decoder-webm-vp8: 9c59270c3fd7afecdb556c50c9e8de78 -> 
  custom:audio-decoder-ogg-vorbis: bf7c407c2cedff20999df2af8eb42d56 -> 
========================================================================
Received Import Request.
  Time since last request: 13.440510 seconds.
  path: Assets/script/hat.cs
  artifactKey: Guid(2f33a60a3e29d9448a15bb0209e82e91) Importer(815301076,1909f56bfc062723c751e8b465ee728b)
Start importing Assets/script/hat.cs using Guid(2f33a60a3e29d9448a15bb0209e82e91) Importer(815301076,1909f56bfc062723c751e8b465ee728b)  -> (artifact id: '7c76fd1ff625ac802f060a772bc7575d') in 0.010584 seconds 
========================================================================
Received Prepare
Registering precompiled user dll's ...
Registered in 0.013795 seconds.
Begin MonoManager ReloadAssembly
Symbol file LoadedFromMemory doesn't match image C:\Users\Joel\Downloads\IPT_4.1-Unity\IPT-4.1Basis5\Library\PackageCache\com.unity.visualscripting@1.7.8\Editor\VisualScripting.Core\Dependencies\DotNetZip\Unity.VisualScripting.IonicZip.dll
Symbol file LoadedFromMemory doesn't match image C:\Users\Joel\Downloads\IPT_4.1-Unity\IPT-4.1Basis5\Library\PackageCache\com.unity.visualscripting@1.7.8\Editor\VisualScripting.Core\Dependencies\YamlDotNet\Unity.VisualScripting.YamlDotNet.dll
Native extension for WindowsStandalone target not found
Refreshing native plugins compatible for Editor in 1.40 ms, found 3 plugins.
Preloading 0 native plugins for Editor in 0.00 ms.
Mono: successfully reloaded assembly
- Completed reload, in  1.570 seconds
Domain Reload Profiling:
	ReloadAssembly (1571ms)
		BeginReloadAssembly (196ms)
			ExecutionOrderSort (0ms)
			DisableScriptedObjects (8ms)
			BackupInstance (0ms)
			ReleaseScriptingObjects (0ms)
			CreateAndSetChildDomain (53ms)
		EndReloadAssembly (1221ms)
			LoadAssemblies (138ms)
			RebuildTransferFunctionScriptingTraits (0ms)
			SetupTypeCache (326ms)
			ReleaseScriptCaches (2ms)
			RebuildScriptCaches (53ms)
			SetupLoadedEditorAssemblies (632ms)
				LogAssemblyErrors (0ms)
				InitializePlatformSupportModulesInManaged (16ms)
				SetLoadedEditorAssemblies (1ms)
				RefreshPlugins (1ms)
				BeforeProcessingInitializeOnLoad (101ms)
				ProcessInitializeOnLoadAttributes (349ms)
				ProcessInitializeOnLoadMethodAttributes (151ms)
				AfterProcessingInitializeOnLoad (12ms)
				EditorAssembliesLoaded (0ms)
			ExecutionOrderSort2 (0ms)
			AwakeInstancesAfterBackupRestoration (9ms)
Platform modules already initialized, skipping
Refreshing native plugins compatible for Editor in 8.90 ms, found 3 plugins.
Preloading 0 native plugins for Editor in 0.00 ms.
Unloading 4624 Unused Serialized files (Serialized files now loaded: 0)
Unloading 59 unused Assets / (153.6 KB). Loaded Objects now: 5299.
Memory consumption went from 172.0 MB to 171.9 MB.
Total: 7.905800 ms (FindLiveObjects: 0.438500 ms CreateObjectMapping: 0.125800 ms MarkObjects: 7.161800 ms  DeleteObjects: 0.178700 ms)

AssetImportParameters requested are different than current active one (requested -> active):
  custom:video-decoder-ogg-theora: a1e56fd34408186e4bbccfd4996cb3dc -> 
  custom:container-muxer-webm: aa71ff27fc2769a1b78a27578f13a17b -> 
  custom:container-demuxer-webm: 4f35f7cbe854078d1ac9338744f61a02 -> 
  custom:video-encoder-webm-vp8: eb34c28f22e8b96e1ab97ce403110664 -> 
  custom:video-codec-MediaFoundation-h265: e54d7ab0439102e2317fc1e4b246158d -> 
  custom:audio-encoder-webm-vorbis: bf7c407c2cedff20999df2af8eb42d56 -> 
  custom:framework-win-MediaFoundation: 216162199b28c13a410421893ffa2e32 -> 
  custom:container-demuxer-ogg: 62fdf1f143b41e24485cea50d1cbac27 -> 
  custom:video-decoder-webm-vp8: 9c59270c3fd7afecdb556c50c9e8de78 -> 
  custom:audio-decoder-ogg-vorbis: bf7c407c2cedff20999df2af8eb42d56 -> 
========================================================================
Received Import Request.
  Time since last request: 68.012942 seconds.
  path: Assets/script/hat.cs
  artifactKey: Guid(2f33a60a3e29d9448a15bb0209e82e91) Importer(815301076,1909f56bfc062723c751e8b465ee728b)
Start importing Assets/script/hat.cs using Guid(2f33a60a3e29d9448a15bb0209e82e91) Importer(815301076,1909f56bfc062723c751e8b465ee728b)  -> (artifact id: 'a4ece532a4288d2c06b18e7b73715383') in 0.012223 seconds 
========================================================================
Received Prepare
Registering precompiled user dll's ...
Registered in 0.008708 seconds.
Begin MonoManager ReloadAssembly
Symbol file LoadedFromMemory doesn't match image C:\Users\Joel\Downloads\IPT_4.1-Unity\IPT-4.1Basis5\Library\PackageCache\com.unity.visualscripting@1.7.8\Editor\VisualScripting.Core\Dependencies\DotNetZip\Unity.VisualScripting.IonicZip.dll
Symbol file LoadedFromMemory doesn't match image C:\Users\Joel\Downloads\IPT_4.1-Unity\IPT-4.1Basis5\Library\PackageCache\com.unity.visualscripting@1.7.8\Editor\VisualScripting.Core\Dependencies\YamlDotNet\Unity.VisualScripting.YamlDotNet.dll
Native extension for WindowsStandalone target not found
Refreshing native plugins compatible for Editor in 1.34 ms, found 3 plugins.
Preloading 0 native plugins for Editor in 0.00 ms.
Mono: successfully reloaded assembly
- Completed reload, in  1.454 seconds
Domain Reload Profiling:
	ReloadAssembly (1455ms)
		BeginReloadAssembly (187ms)
			ExecutionOrderSort (0ms)
			DisableScriptedObjects (8ms)
			BackupInstance (0ms)
			ReleaseScriptingObjects (0ms)
			CreateAndSetChildDomain (55ms)
		EndReloadAssembly (1137ms)
			LoadAssemblies (126ms)
			RebuildTransferFunctionScriptingTraits (0ms)
			SetupTypeCache (302ms)
			ReleaseScriptCaches (2ms)
			RebuildScriptCaches (48ms)
			SetupLoadedEditorAssemblies (611ms)
				LogAssemblyErrors (0ms)
				InitializePlatformSupportModulesInManaged (14ms)
				SetLoadedEditorAssemblies (1ms)
				RefreshPlugins (1ms)
				BeforeProcessingInitializeOnLoad (90ms)
				ProcessInitializeOnLoadAttributes (345ms)
				ProcessInitializeOnLoadMethodAttributes (146ms)
				AfterProcessingInitializeOnLoad (14ms)
				EditorAssembliesLoaded (0ms)
			ExecutionOrderSort2 (0ms)
			AwakeInstancesAfterBackupRestoration (9ms)
Platform modules already initialized, skipping
Refreshing native plugins compatible for Editor in 8.31 ms, found 3 plugins.
Preloading 0 native plugins for Editor in 0.00 ms.
Unloading 4624 Unused Serialized files (Serialized files now loaded: 0)
Unloading 59 unused Assets / (153.6 KB). Loaded Objects now: 5314.
Memory consumption went from 172.0 MB to 171.9 MB.
Total: 7.829400 ms (FindLiveObjects: 0.416500 ms CreateObjectMapping: 0.120800 ms MarkObjects: 7.115100 ms  DeleteObjects: 0.175500 ms)

AssetImportParameters requested are different than current active one (requested -> active):
  custom:video-decoder-ogg-theora: a1e56fd34408186e4bbccfd4996cb3dc -> 
  custom:container-muxer-webm: aa71ff27fc2769a1b78a27578f13a17b -> 
  custom:container-demuxer-webm: 4f35f7cbe854078d1ac9338744f61a02 -> 
  custom:video-encoder-webm-vp8: eb34c28f22e8b96e1ab97ce403110664 -> 
  custom:video-codec-MediaFoundation-h265: e54d7ab0439102e2317fc1e4b246158d -> 
  custom:audio-encoder-webm-vorbis: bf7c407c2cedff20999df2af8eb42d56 -> 
  custom:framework-win-MediaFoundation: 216162199b28c13a410421893ffa2e32 -> 
  custom:container-demuxer-ogg: 62fdf1f143b41e24485cea50d1cbac27 -> 
  custom:video-decoder-webm-vp8: 9c59270c3fd7afecdb556c50c9e8de78 -> 
  custom:audio-decoder-ogg-vorbis: bf7c407c2cedff20999df2af8eb42d56 -> 
========================================================================
Received Import Request.
  Time since last request: 13.625127 seconds.
  path: Assets/script/InputManager.cs
  artifactKey: Guid(385855cec0067d2419a12c1231e7bf94) Importer(815301076,1909f56bfc062723c751e8b465ee728b)
Start importing Assets/script/InputManager.cs using Guid(385855cec0067d2419a12c1231e7bf94) Importer(815301076,1909f56bfc062723c751e8b465ee728b)  -> (artifact id: 'd56dd8724c0c647c3cfeb607c81b224b') in 0.013958 seconds 
========================================================================
Received Import Request.
  Time since last request: 0.710129 seconds.
  path: Assets/script/intro.cs
  artifactKey: Guid(89807bc219e660e4fa8e19f341da4b36) Importer(815301076,1909f56bfc062723c751e8b465ee728b)
Start importing Assets/script/intro.cs using Guid(89807bc219e660e4fa8e19f341da4b36) Importer(815301076,1909f56bfc062723c751e8b465ee728b)  -> (artifact id: '72a8888f4267600f9231080c4eaa33da') in 0.006654 seconds 
========================================================================
Received Import Request.
  Time since last request: 9.834758 seconds.
  path: Assets/script/PlayerSound.cs
  artifactKey: Guid(c0f617835d1ad7a45bbf2c9f2d481ea9) Importer(815301076,1909f56bfc062723c751e8b465ee728b)
Start importing Assets/script/PlayerSound.cs using Guid(c0f617835d1ad7a45bbf2c9f2d481ea9) Importer(815301076,1909f56bfc062723c751e8b465ee728b)  -> (artifact id: '7c6dd85b0f420362eb1a52f943169625') in 0.007160 seconds 
========================================================================
Received Import Request.
  Time since last request: 13.189803 seconds.
  path: Assets/script/Scene_Door.cs
  artifactKey: Guid(29b57b54d358ec74bbc8a043500b4073) Importer(815301076,1909f56bfc062723c751e8b465ee728b)
Start importing Assets/script/Scene_Door.cs using Guid(29b57b54d358ec74bbc8a043500b4073) Importer(815301076,1909f56bfc062723c751e8b465ee728b)  -> (artifact id: 'b8792d5d32dea7242cbec3d1a7449a8f') in 0.006365 seconds 
========================================================================
Received Import Request.
  Time since last request: 4.787209 seconds.
  path: Assets/script/SceneChange.cs
  artifactKey: Guid(17266698995d5ee4a9103c14b4b986b4) Importer(815301076,1909f56bfc062723c751e8b465ee728b)
Start importing Assets/script/SceneChange.cs using Guid(17266698995d5ee4a9103c14b4b986b4) Importer(815301076,1909f56bfc062723c751e8b465ee728b)  -> (artifact id: '8a020e50a7b2c92d4d490fca7962f26e') in 0.006212 seconds 
========================================================================
Received Import Request.
  Time since last request: 9.559383 seconds.
  path: Assets/script/skincolor.cs
  artifactKey: Guid(59cbd565d9041c14ea52d710fc8cb86a) Importer(815301076,1909f56bfc062723c751e8b465ee728b)
Start importing Assets/script/skincolor.cs using Guid(59cbd565d9041c14ea52d710fc8cb86a) Importer(815301076,1909f56bfc062723c751e8b465ee728b)  -> (artifact id: '7265bce0093dd305b508e2430cfc7571') in 0.006975 seconds 
========================================================================
Received Import Request.
  Time since last request: 3.295317 seconds.
  path: Assets/script/StartMenu.cs
  artifactKey: Guid(98a4af53dd3b7644d8fd9ff96e1a2e5b) Importer(815301076,1909f56bfc062723c751e8b465ee728b)
Start importing Assets/script/StartMenu.cs using Guid(98a4af53dd3b7644d8fd9ff96e1a2e5b) Importer(815301076,1909f56bfc062723c751e8b465ee728b)  -> (artifact id: 'd0a982de6bd0ae7f741bce9058071341') in 0.006260 seconds 
========================================================================
Received Import Request.
  Time since last request: 4.702452 seconds.
  path: Assets/script/Timer.cs
  artifactKey: Guid(79a1e9105a56f8c4684ec8a8032e2a42) Importer(815301076,1909f56bfc062723c751e8b465ee728b)
Start importing Assets/script/Timer.cs using Guid(79a1e9105a56f8c4684ec8a8032e2a42) Importer(815301076,1909f56bfc062723c751e8b465ee728b)  -> (artifact id: '123a35400aa960699a485b09495aa056') in 0.006568 seconds 
========================================================================
Received Import Request.
  Time since last request: 4.229105 seconds.
  path: Assets/script/UI.cs
  artifactKey: Guid(fedfa7256b5f1cc4f8447e1615c0eb7c) Importer(815301076,1909f56bfc062723c751e8b465ee728b)
Start importing Assets/script/UI.cs using Guid(fedfa7256b5f1cc4f8447e1615c0eb7c) Importer(815301076,1909f56bfc062723c751e8b465ee728b)  -> (artifact id: 'b56bf1fc52ae620079356a79f6da7c00') in 0.006282 seconds 
